<?xml version="1.0" encoding="UTF-8"?>
<!-- Generated by org.testng.reporters.JUnitXMLReporter -->
<testsuite ignored="4" hostname="FoxyOldSom" failures="2" tests="2" name="Test" time="4.926" errors="0" timestamp="24 Dec 2022 04:01:40 GMT">
  <testcase classname="testCases.Basetest" name="@AfterTest tearDown" time="0.0">
    <failure type="java.lang.NullPointerException">
      <![CDATA[java.lang.NullPointerException
at testCases.Basetest.tearDown(Basetest.java:31)
... Removed 24 stack frames]]>
    </failure>
  </testcase> <!-- @AfterTest tearDown -->
  <testcase classname="testCases.TestCase3" name="searchTest" time="0.032">
    <failure type="java.lang.IllegalArgumentException" message="Input must be set">
      <![CDATA[java.lang.IllegalArgumentException: Input must be set
at org.openqa.selenium.internal.Require.nonNull(Require.java:59)
at org.openqa.selenium.support.ui.FluentWait.<init>(FluentWait.java:97)
at org.openqa.selenium.support.ui.WebDriverWait.<init>(WebDriverWait.java:77)
at org.openqa.selenium.support.ui.WebDriverWait.<init>(WebDriverWait.java:46)
at dockerSelenium.GoogleHomePage.<init>(GoogleHomePage.java:21)
at testCases.TestCase3.searchTest(TestCase3.java:18)
... Removed 25 stack frames]]>
    </failure>
  </testcase> <!-- searchTest -->
  <testcase classname="testCases.TestCase2" name="searchTest" time="0.002">
    <failure type="java.lang.IllegalArgumentException" message="Input must be set">
      <![CDATA[java.lang.IllegalArgumentException: Input must be set
at org.openqa.selenium.internal.Require.nonNull(Require.java:59)
at org.openqa.selenium.support.ui.FluentWait.<init>(FluentWait.java:97)
at org.openqa.selenium.support.ui.WebDriverWait.<init>(WebDriverWait.java:77)
at org.openqa.selenium.support.ui.WebDriverWait.<init>(WebDriverWait.java:46)
at dockerSelenium.GoogleHomePage.<init>(GoogleHomePage.java:21)
at testCases.TestCase2.searchTest(TestCase2.java:12)
... Removed 25 stack frames]]>
    </failure>
  </testcase> <!-- searchTest -->
  <testcase classname="testCases.Basetest" name="@BeforeTest driverSetup" time="0.0">
    <ignored/>
  </testcase> <!-- @BeforeTest driverSetup -->
  <testcase classname="testCases.Basetest" name="@BeforeTest driverSetup" time="0.0">
    <ignored/>
  </testcase> <!-- @BeforeTest driverSetup -->
  <testcase classname="testCases.Basetest" name="@AfterTest tearDown" time="0.0">
    <ignored/>
  </testcase> <!-- @AfterTest tearDown -->
  <testcase classname="testCases.Basetest" name="@AfterTest tearDown" time="0.0">
    <ignored/>
  </testcase> <!-- @AfterTest tearDown -->
</testsuite> <!-- Test -->
