<?xml version="1.0" encoding="UTF-8"?>
<!-- Generated by org.testng.reporters.JUnitXMLReporter -->
<testsuite ignored="0" hostname="FoxyOldSom" failures="0" tests="3" name="allTests" time="41.968" errors="0" timestamp="24 Dec 2022 08:57:48 GMT">
  <testcase classname="testCases.TestCaseEdge" name="edgeTest" time="12.367"/>
  <testcase classname="testCases.TestCaseChrome" name="chrometest" time="15.104"/>
  <testcase classname="testCases.TestCaseFirefox" name="geckoTest" time="16.805"/>
</testsuite> <!-- allTests -->
