<?xml version="1.0" encoding="UTF-8"?>
<testng-results ignored="0" total="3" passed="3" failed="0" skipped="0">
  <reporter-output>
  </reporter-output>
  <suite started-at="2022-12-24T08:57:06Z" name="DockerParallelRun" finished-at="2022-12-24T08:57:48Z" duration-ms="41968">
    <groups>
    </groups>
    <test started-at="2022-12-24T08:57:06Z" name="allTests" finished-at="2022-12-24T08:57:48Z" duration-ms="41968">
      <class name="testCases.TestCaseFirefox">
        <test-method signature="geckoTest()[pri:0, instance:testCases.TestCaseFirefox@63611043]" started-at="2022-12-24T08:57:26Z" name="geckoTest" finished-at="2022-12-24T08:57:43Z" duration-ms="16805" status="PASS">
          <reporter-output>
          </reporter-output>
        </test-method> <!-- geckoTest -->
      </class> <!-- testCases.TestCaseFirefox -->
      <class name="testCases.setup_DockerGrid">
        <test-method is-config="true" signature="startDockerGrid()[pri:0, instance:testCases.setup_DockerGrid@54eb2b70]" started-at="2022-12-24T08:57:06Z" name="startDockerGrid" finished-at="2022-12-24T08:57:26Z" duration-ms="20031" status="PASS">
          <reporter-output>
          </reporter-output>
        </test-method> <!-- startDockerGrid -->
        <test-method is-config="true" signature="stopDockerGrid()[pri:0, instance:testCases.setup_DockerGrid@54eb2b70]" started-at="2022-12-24T08:57:43Z" name="stopDockerGrid" finished-at="2022-12-24T08:57:48Z" duration-ms="5022" status="PASS">
          <reporter-output>
          </reporter-output>
        </test-method> <!-- stopDockerGrid -->
      </class> <!-- testCases.setup_DockerGrid -->
      <class name="testCases.TestCaseChrome">
        <test-method signature="chrometest()[pri:0, instance:testCases.TestCaseChrome@45a37759]" started-at="2022-12-24T08:57:26Z" name="chrometest" finished-at="2022-12-24T08:57:41Z" duration-ms="15104" status="PASS">
          <reporter-output>
          </reporter-output>
        </test-method> <!-- chrometest -->
      </class> <!-- testCases.TestCaseChrome -->
      <class name="testCases.TestCaseEdge">
        <test-method signature="edgeTest()[pri:0, instance:testCases.TestCaseEdge@20ca951f]" started-at="2022-12-24T08:57:26Z" name="edgeTest" finished-at="2022-12-24T08:57:38Z" duration-ms="12367" status="PASS">
          <reporter-output>
          </reporter-output>
        </test-method> <!-- edgeTest -->
      </class> <!-- testCases.TestCaseEdge -->
    </test> <!-- allTests -->
  </suite> <!-- DockerParallelRun -->
</testng-results>
